<?xml version="1.0" encoding="UTF-8"?>
<!-- Generated by org.testng.reporters.JUnitReportReporter -->
<testsuite hostname="Himanshu-Sharma" failures="0" tests="1" name="Section_7.Dynamicjson" time="1.599" errors="0" timestamp="2024-10-07T12:02:06 IST" skipped="0">
  <testcase classname="Section_7.Dynamicjson" name="addBook" time="1.599"/>
</testsuite> <!-- Section_7.Dynamicjson -->
