<?xml version="1.0" encoding="UTF-8"?>
<!-- Generated by org.testng.reporters.JUnitReportReporter -->
<testsuite hostname="Himanshu-Sharma" failures="0" tests="3" name="Files.DynamicJson" time="2.344" errors="0" timestamp="2024-10-03T15:01:28 IST" skipped="0">
  <testcase classname="Files.DynamicJson" name="addBook" time="0.178"/>
  <testcase classname="Files.DynamicJson" name="addBook" time="1.989"/>
  <testcase classname="Files.DynamicJson" name="addBook" time="0.177"/>
</testsuite> <!-- Files.DynamicJson -->
