<?xml version="1.0" encoding="UTF-8"?>
<!-- Generated by org.testng.reporters.JUnitReportReporter -->
<testsuite hostname="Himanshu-Sharma" failures="0" tests="1" name="Files.SumValidation" time="1.429" errors="0" timestamp="2024-10-04T17:54:18 IST" skipped="0">
  <testcase classname="Files.SumValidation" name="SumofCourses" time="1.429"/>
</testsuite> <!-- Files.SumValidation -->
