<?xml version="1.0" encoding="UTF-8"?>
<!-- Generated by org.testng.reporters.JUnitReportReporter -->
<testsuite hostname="Himanshu-Sharma" failures="0" tests="3" name="Section_7.Dynamicjson2" time="2.093" errors="0" timestamp="2024-10-07T12:32:47 IST" skipped="0">
  <testcase classname="Section_7.Dynamicjson2" name="addBook" time="0.166"/>
  <testcase classname="Section_7.Dynamicjson2" name="addBook" time="0.179"/>
  <testcase classname="Section_7.Dynamicjson2" name="addBook" time="1.748"/>
</testsuite> <!-- Section_7.Dynamicjson2 -->
